CoastalME 0.9.9 TESTING: 4 October 2021 for Intel x86/GNU C++ (17:59:25 Oct 21 2022 DEBUG build) on wilf-virtualmachine

RUN DETAILS
 Name                                                      	: minimal_with_intervention
 Run started                                               	: 20:57:26 Monday 02 January 2023
 Initialization file                                       	: /home/wilfc/github/coastalme_TESTING/src/cmake-build-debug/Debug/cme.ini
 Input data read from                                      	: /home/wilfc/github/coastalme_TESTING/src/cmake-build-debug/Debug/in/minimal_with_intervention/minimal_with_intervention.dat
 Main output file (this file)                              	: /home/wilfc/github/coastalme_TESTING/src/cmake-build-debug/Debug/out/minimal_with_intervention/minimal_with_intervention.out.out
 Log file                                                  	: /home/wilfc/github/coastalme_TESTING/src/cmake-build-debug/Debug/out/minimal_with_intervention/minimal_with_intervention.out.log
 Level of Log detail                                       	: 1 (least detail)
 Simulation start date/time                                	: 00:00:00 01/01/1999
 Duration of simulation                                    	: 0y 030d 00h
 Saves at                                                  	: 0y 000d 06h, 0y 000d 12h, 0y 001d 06h, 0y 002d 12h, 0y 008d 08h, 0y 011d 06h, 0y 012d 12h, 0y 016d 16h, 0y 020d 20h, 0y 025d 00h, 0y 030d 00h
 Random number seeds                                       	: 280764	280764	
*First random numbers generated                            	: 3192399198	3192399198
 Raster GIS output format                                  	: GeoTIFF
 Raster output values scaled (if needed)                   	: Y
 Raster world files created (if needed)                    	: Y
 Raster GIS files saved                                    	: all raster GIS files
 Vector GIS output format                                  	: ESRI Shapefile
 Vector GIS files saved                                    	: all vector GIS files
 Output file (this file)                                   	: /home/wilfc/github/coastalme_TESTING/src/cmake-build-debug/Debug/out/minimal_with_intervention/minimal_with_intervention.out
 Log file                                                  	: /home/wilfc/github/coastalme_TESTING/src/cmake-build-debug/Debug/out/minimal_with_intervention/minimal_with_intervention.log
 Optional time series files saved                          	: sea_area, water_level, platform_erosion, cliff_collapse_erosion, cliff_collapse_deposition, cliff_collapse_net, beach_erosion, beach_deposition, beach_change_net, suspended
 Coastline vector smoothing algorithm                      	: Savitzky-Golay
 Grid edge(s) to omit when searching for coastline         	: W
 Size of coastline vector smoothing window                 	: 7
 Savitzky-Golay coastline smoothing polynomial order       	: 4
 Size of profile slope smoothing window                    	: 0
 Max local slope on profile (m/m)                          	: 1.180000
 Vertical tolerance for beach to be included in smoothing  	: 10.000000 m

Raster GIS Input Files
 Basement DEM file                                         	: /home/wilfc/github/coastalme_TESTING/src/cmake-build-debug/Debug/in/minimal_with_intervention/basement.asc
 Basement DEM driver code                                  	: AAIGrid
 GDAL basement DEM driver description                      	: Arc/Info ASCII Grid
 GDAL basement DEM projection                              	: 
 GDAL basement DEM data type                               	: Float32
 Grid size (X by Y)                                        	: 250 by 500
*Coordinates of NW corner of grid (external CRS)           	: 0.5, 501.5
*Coordinates of SE corner of grid (external CRS)           	: 251.5, 0.5
*Cell size                                                 	: 1.0 m
*Grid area                                                 	: 62938.2 m^2
*Grid area                                                 	: 0.06 km^2
 Intervention Class file                                   	: /home/wilfc/github/coastalme_TESTING/src/cmake-build-debug/Debug/in/minimal_with_intervention/intervention_class.tif
 GDAL Intervention Class file driver code                  	: GTiff
 GDAL Intervention Class file driver description           	: GeoTIFF
 GDAL Intervention Class file projection                   	: GEOGCS["WGS 84",DATUM["WGS_1984",SPHEROID["WGS 84",6378137,298.257223563,AUTHORITY["EPSG","7030"]],AUTHORITY["EPSG","6326"]],PRIMEM["Greenwich",0],UNIT["degree",0.0174532925199433,AUTHORITY["EPSG","9122"]],AXIS["Latitude",NORTH],AXIS["Longitude",EAST],AUTHORITY["EPSG","4326"]]
 GDAL Intervention Class file data type                    	: Float32

 Intervention Height file                                  	: /home/wilfc/github/coastalme_TESTING/src/cmake-build-debug/Debug/in/minimal_with_intervention/intervention_height.tif
 GDAL Intervention Height file driver code                 	: GTiff
 GDAL Intervention Height file driver description          	: GeoTIFF
 GDAL Intervention Height file projection                  	: GEOGCS["WGS 84",DATUM["WGS_1984",SPHEROID["WGS 84",6378137,298.257223563,AUTHORITY["EPSG","7030"]],AUTHORITY["EPSG","6326"]],PRIMEM["Greenwich",0],UNIT["degree",0.0174532925199433,AUTHORITY["EPSG","9122"]],AXIS["Latitude",NORTH],AXIS["Longitude",EAST],AUTHORITY["EPSG","4326"]]
 GDAL Intervention Height file data type                   	: Float32

 Only one layer
    Initial Sand Cons Sediment file                        	: /home/wilfc/github/coastalme_TESTING/src/cmake-build-debug/Debug/in/minimal_with_intervention/two_bays.tif
    GDAL Initial Sand Cons Sediment file driver code       	: GTiff
    GDAL Initial Sand Cons Sediment file driver desc       	: GeoTIFF
    GDAL Initial Sand Cons Sediment file projection        	: GEOGCS["WGS 84",DATUM["WGS_1984",SPHEROID["WGS 84",6378137,298.257223563,AUTHORITY["EPSG","7030"]],AUTHORITY["EPSG","6326"]],PRIMEM["Greenwich",0],UNIT["degree",0.0174532925199433,AUTHORITY["EPSG","9122"]],AXIS["Latitude",NORTH],AXIS["Longitude",EAST],AUTHORITY["EPSG","4326"]]
    GDAL Initial Sand Cons Sediment file data type         	: Float32

Vector GIS Input Files
 None

Other Input Data
 Wave propagation model                                    	: CShore
 Density of sea water                                     	: 1029 kg/m^3
 Initial still water level                                 	: 26.0 m
 Final still water level                                   	: 26.0 m
 Deep water wave height                                    	: 3.0 m
 Deep water wave orientation                               	: 235.0 degrees
 Wave period                                               	: 10.0 s
 Start depth for wave calcs (*deep water wave height)      	: 30.0
*Depth of closure                                          	: 0.000 m
 Do coast platform erosion?                                	: Y
 R value                                                   	: 1000000.00
 Do beach sediment transport?                              	: Y
 Handling of beach sediment at grid edges                  	: open
 Beach potential erosion/deposition equation               	: Kamphuis
 Median particle size of fine sediment                     	: 0.06 mm
 Median particle size of sand sediment                     	: 0.42 mm
 Median particle size of coarse sediment                   	: 19.00 mm
 Beach sediment density                                    	: 2650.00 kg/m^3
 Beach sediment porosity                                   	: 0.40
 Fine-sized sediment relative erodibility                  	: 1.0
 Sand-sized sediment relative erodibility                  	: 0.7
 Coarse-sized sediment relative erodibility                	: 0.3
 Transport parameter for Kamphuis equation                 	: 1.000
 Height of Dean profile start above SWL                    	: 0.2 m
 Sediment input at a point                                 	: N
 Do cliff collapse?                                        	: Y
 Cliff erodibility                                         	: 1000000.0
 Notch overhang to initiate collapse                       	: 0.5 m
 Notch base below SWL                                      	: 0.3 m
 Scale parameter A for cliff deposition                    	: auto
 Planview width of cliff deposition talus                  	: 0.0 m
 Planview length of cliff deposition talus                 	: 70.0 m
 Height of talus at land end (fraction of cliff elevation) 	: 0.1
 Gravitational acceleration                                	: 9.8 m^2/s
 Minimum spacing of coastline normals                      	: 20.0 m
 Random factor for spacing of normals                      	: 0.1
 Length of coastline normals                               	: 140.0 m
 Maximum number of 'cape' normals                          	: 6

Testing only
 Output profile data?                                      	: N
 Profile numbers to be saved                               	: 
 Timesteps when profiles are saved                         	: 
 Output parallel profile data?                             	: N
 Output erosion potential look-up data?                    	: Y (see /home/wilfc/github/coastalme_TESTING/src/cmake-build-debug/Debug/out/minimal_with_intervention/ErosionPotential.csv)
 Erode coast in alternate directions?                      	: N


PER-ITERATION RESULTS =========================================================================================================================================================================
Sea depth in metres. All erosion and deposition values in millimetres
GISn = GIS files saved as <filename>n.

<-----ELAPSED----><-SEA-><----POTENTIAL---><----------ACTUAL-----------><----POTENTIAL----><------------ACTUAL------------><-----------ACTUAL-----------><-SEDIMENT-><--CLIFF COLLAPSE--><SUSP>
       TIME        DEPTH  PLATFORM EROSION        PLATFORM EROSION          BEACH EROSION            BEACH EROSION                BEACH DEPOSITION        INPUT EVENT  EROSION DEPOSITION  SED
Time  Hours  Years   Avg  % Sea   All  Erod % Sea   All Erod <-sea avg->  % Sea   All  Erod  % Sea   All Erodng <-sea avg->  % Sea   All  Deposit <-sea->            <-coast avg><--sea->
Step                       Area   Sea  Area  Area   Sea Area   F   S   C   Area   Sea  Area   Area   Sea   Area   F   S   C   Area   Sea     Area   S   C   F   S   C   F   S   C   S   C    F
                                  Avg   Avg         Avg  Avg                            Avg          Avg    Avg                      Avg      Avg
   1      6      0  4.18   88.8   0.1     0  88.1   0.1    0     0.1        0.0     0          0.0   0.0                       0.9   0.1       12 0.1                     3.6     0.0            GIS1
   2     12      0  4.19   90.4   0.6     1  90.0   0.6    1     0.6        0.0    40          0.0   0.0      7     0.0        0.8   0.6       73 0.6                     2.8     0.0            GIS2
   3     18      0  4.22   81.6   0.6     1  81.0   0.6    1     0.6        0.0    18 60886    0.0   0.0     24     0.0        1.0   0.6       67 0.6                     7.4     0.1           
   4     24      0  4.22   87.3   1.0     1  86.8   0.9    1     0.9        0.0    39 5e+05    0.0   0.0      4     0.0        1.1   0.9       87 0.9                     2.2     0.0           
   5     30      0  4.24   87.0   0.5     1  86.6   0.5    1     0.5        0.1    34 60845    0.1   0.0     88     0.0        1.0   0.6       58 0.6                     0.0     0.0            GIS3
   6     36      0  4.25   89.1   0.6     1  88.8   0.6    1     0.6        0.0    41 1e+05    0.1   0.0     28     0.0        1.0   0.6       59 0.6                                           
   7     42      0  4.26   90.2   0.5     1  90.1   0.5    1     0.5        0.1    29 45549    0.1   0.0     28     0.0        0.9   0.5       50 0.5                                           
   8     48      0  4.27   84.8   0.7     1  84.4   0.7    1     0.7        0.0    39          0.0   0.0                       0.9   0.7       74 0.7                                           
   9     54      0  4.28   83.8   0.4     0  83.2   0.4    0     0.4        0.0    26 52109    0.1   0.0     28     0.0        1.0   0.4       42 0.4                                           
  10     60      0  4.28   89.9   0.4     0  89.5   0.4    0     0.4        0.0    30          0.1   0.0     10     0.0        0.9   0.4       48 0.4                     0.1     0.0            GIS4
  11     66      0  4.29   88.9   0.5     1  88.3   0.5    1     0.5        0.0    36          0.2   0.0     23     0.0        0.8   0.6       72 0.6                     0.4     0.0           
  12     72      0  4.29   92.4   0.6     1  91.7   0.6    1     0.6        0.0    43          0.1   0.0     26     0.0        0.8   0.7       82 0.7                     0.2     0.0           
  13     78      0  4.30   85.2   0.9     1  84.8   0.9    1     0.9        0.0    35 69747    0.2   0.1     54     0.1        1.0   0.9       89 0.9                     0.0     0.0           
  14     84      0  4.31   87.6   0.1     0  86.7   0.1    0     0.1        0.0    37          0.3   0.3     84     0.3        0.7   0.3       43 0.3                     0.1     0.0           
  15     90      0  4.31   84.0   1.3     2  83.3   1.3    2     1.3        0.0    27          0.2   0.1     41     0.1        0.9   1.4      153 1.4                     0.2     0.0           
  16     96      0  4.32   89.7   0.1     0  89.2   0.1    0     0.1        0.0    34 2e+06    0.2   0.1     64     0.1        0.7   0.2       29 0.2                     0.1     0.0           
  17    102      0  4.32   86.0   0.4     1  85.5   0.4    1     0.4        0.0    24 8e+05    0.0   0.0     20     0.0        0.9   0.4       50 0.4                     0.1     0.0           
  18    108      0  4.33   90.2   0.6     1  89.8   0.6    1     0.6        0.0    24 5e+05    0.0   0.0      3     0.0        0.8   0.6       69 0.6                     0.0     0.0           
  19    114      0  4.33   89.6   0.4     0  89.1   0.4    0     0.4        0.0    24 2e+06    0.1   0.0     17     0.0        0.8   0.5       56 0.5                     0.1     0.0           
  20    120      0  4.33   88.1   0.6     1  87.5   0.6    1     0.6        0.0    29 2e+06    0.1   0.0     26     0.0        0.8   0.6       76 0.6                     0.3     0.0           
  21    126      0  4.34   86.9   0.6     1  86.3   0.6    1     0.6        0.0    27 6e+05    0.0   0.0      2     0.0        0.9   0.6       65 0.6                     0.1     0.0           
  22    132      0  4.34   77.3   0.4     0  76.8   0.4    0     0.4        0.0    19 1e+06    0.1   0.0     17     0.0        0.9   0.4       40 0.4                     0.3     0.0           
  23    138      0  4.35   81.7   0.1     0  81.2   0.1    0     0.1        0.0    27          0.2   0.1     56     0.1        0.8   0.1       15 0.1                     0.5     0.0           
  24    144      0  4.35   81.5   0.1     0  81.0   0.1    0     0.1        0.0    30          0.2   0.1     32     0.1        0.8   0.1       12 0.1                     0.8     0.0           
  25    150      0  4.35   86.3   0.5     1  85.5   0.5    1     0.5        0.0    30 3e+05    0.1   0.0     35     0.0        0.8   0.6       66 0.6                     0.5     0.0           
  26    156      0  4.35   92.9   0.6     1  92.4   0.6    1     0.6        0.0    28 2e+06    0.0   0.0     10     0.0        1.0   0.6       61 0.6                     0.8     0.0           
  27    162      0  4.36   87.0   0.1     0  86.3   0.1    0     0.1        0.0    27          0.3   0.1     40     0.1        0.6   0.1       20 0.1                     0.9     0.0           
  28    168      0  4.36   88.1   1.5     2  87.5   1.5    2     1.5        0.0    31 1e+06    0.0   0.0      8     0.0        1.1   1.5      144 1.5                     0.6     0.0           
  29    174      0  4.37   88.9   0.5     1  88.5   0.5    1     0.5        0.0    29 2e+06    0.1   0.0     49     0.0        1.0   0.6       60 0.6                     1.7     0.0           
  30    180      0  4.37   91.7   0.9     1  91.4   0.8    1     0.8        0.0    53 2e+06    0.0   0.0    128     0.0        1.0   1.0       99 1.0                     1.3     0.0           
  31    186      0  4.38   83.6  14.9    18  83.1  14.8   18    14.8        0.0  6333          0.2   0.1     33     0.1        2.5  14.8      59814.8                     0.7     0.0           
  32    192      0  4.44   72.7   0.5     1  71.5   0.5    1     0.5        0.0    36 5e+05    0.4   1.7    400     1.7        1.6   1.9      119 1.9                     0.6     0.0           
  33    198      0  4.44   57.9  14.2    25  56.5  14.1   25    14.1        0.0 23667 2e+08    0.4   0.4    105     0.4        3.1  14.5      47314.5                                           
  34    204      0  4.49   78.4   2.6     3  76.7   2.6    3     2.6        0.1    31 36425    0.6   0.9    162     0.9        1.7   3.2      185 3.2                                            GIS5
  35    210      0  4.50   71.9   0.5     1  69.6   0.5    1     0.5        0.1    39 50520    0.6   1.7    271     1.7        1.6   2.2      137 2.2                                           
  36    216      0  4.50   80.9   0.1     0  78.9   0.1    0     0.1        0.0    14 33167    0.4   0.3     77     0.3        1.0   0.4       36 0.4                                           
  37    222      0  4.50   72.9   1.9     3  71.3   1.9    3     1.9        0.0    39 2e+05    0.5   0.9    170     0.9        1.6   2.7      172 2.7                                           
  38    228      0  4.51   84.6   0.6     1  82.8   0.6    1     0.6        0.0    39 1e+05    0.6   1.6    249     1.6        1.8   2.2      122 2.2                                           
  39    234      0  4.51   75.0   1.5     2  73.3   1.4    2     1.4        0.1    33 64707    0.8   1.4    186     1.4        1.6   2.4      150 2.4                                           
  40    240      0  4.52   71.2   0.6     1  69.6   0.5    1     0.5        0.0    36 1e+05    1.3   3.1    242     3.1        2.3   2.9      127 2.9                                           
  41    246      0  4.51   72.2   2.9     4  70.4   2.9    4     2.9        0.0  2101 1e+07    1.2   2.7    222     2.7        2.3   3.6      155 3.6                     1.1     0.0           
  42    252      0  4.51   60.4   0.4     1  57.6   0.4    1     0.4        0.0    29 2e+05    0.9   1.4    143     1.4        1.7   1.6       97 1.6                     2.1     0.0           
  43    258      0  4.50   57.3   0.5     1  54.2   0.5    1     0.5        0.0    38 2e+06    1.1   1.9    170     1.9        1.5   1.8      117 1.8                     1.2     0.0           
  44    264      0  4.50   55.7   0.5     1  53.2   0.4    1     0.4        0.0    54 2e+05    1.8   3.7    201     3.7        2.5   3.3      132 3.3                     1.4     0.0           
  45    270      0  4.49   79.9   0.1     0  75.8   0.1    0     0.1        0.0    19 4e+05    1.6   3.6    223     3.6        1.8   2.6      143 2.6                     0.7     0.0            GIS6
  46    276      0  4.48   80.9   0.1     0  77.4   0.1    0     0.1        0.0    21 1e+06    1.1   1.7    152     1.7        1.6   1.6       97 1.6                     0.0     0.0           
  47    282      0  4.48   68.3   0.3     0  66.8   0.3    0     0.3        0.0    22 1e+05    1.1   1.6    153     1.6        1.7   1.2       71 1.2                                           
  48    288      0  4.48   66.2   0.6     1  64.4   0.6    1     0.6        0.0    36 2e+05    2.2   3.8    174     3.8        3.2   3.5      110 3.5                     0.0     0.0           
  49    294      0  4.48   74.0   0.5     1  72.2   0.5    1     0.5        0.0    35 2e+05    2.3   2.8    118     2.8        2.0   2.2      111 2.2                                           
  50    300      0  4.48   71.5   0.6     1  69.8   0.6    1     0.6        0.1    37 72168    1.7   2.3    133     2.3        2.1   2.5      118 2.5                     0.4     0.0            GIS7
  51    306      0  4.48   77.0   0.5     1  75.4   0.4    1     0.4        0.0    31 1e+05    1.4   1.9    134     1.9        2.2   2.2       99 2.2                     1.4     0.0           
  52    312      0  4.48   57.0   0.5     1  55.8   0.5    1     0.5        0.2    39 23470    1.4   2.9    210     2.9        2.6   2.2       86 2.2                                           
  53    318      0  4.48   77.6   0.1     0  75.0   0.1    0     0.1        0.0    24 5e+05    1.3   0.7     54     0.7        1.1   0.6       58 0.6                                           
  54    324      0  4.48   67.7   0.4     1  65.4   0.4    1     0.4        0.0    22          1.4   1.9    143     1.9        1.7   1.6       92 1.6                                           
  55    330      0  4.48   77.3   0.5     1  75.2   0.4    1     0.4        0.0    23 1e+05    1.8   2.3    132     2.3        1.8   1.5       82 1.5                                           
  56    336      0  4.48   77.4   0.3     0  74.5   0.3    0     0.3        0.0    32 2e+05    0.7   1.4    192     1.4        1.6   1.3       79 1.3                     0.1     0.0           
  57    342      0  4.48   72.5   0.5     1  69.7   0.5    1     0.5        0.0    38 8e+05    1.8   3.0    170     3.0        2.0   3.1      152 3.1                                           
  58    348      0  4.48   82.4   0.1     0  80.1   0.1    0     0.1        0.0     8 46741    1.0   1.1    112     1.1        1.4   1.1       80 1.1                     0.1     0.0           
  59    354      0  4.48   67.8   1.0     1  66.6   0.9    1     0.9        0.1    33 30109    1.0   1.7    168     1.7        2.0   2.6      127 2.6                                           
  60    360      0  4.49   76.3   0.3     0  74.8   0.3    0     0.3        0.0    20 1e+06    1.6   1.7    104     1.7        1.7   1.6       97 1.6                                           
  61    366      0  4.48   83.5   0.1     0  80.9   0.1    0     0.1        0.0    24 2e+05    1.2   1.3    115     1.3        1.8   1.3       75 1.3                     0.6     0.0           
  62    372      0  4.48   82.6   1.0     1  81.1   0.9    1     0.9        0.0    52 1e+05    2.2   3.3    151     3.3        2.0   3.3      162 3.3                     0.1     0.0           
  63    378      0  4.48   71.8   1.2     2  69.9   1.1    2     1.1        0.0    60          1.5   2.2    144     2.2        1.7   2.6      159 2.6                     0.4     0.0           
  64    384      0  4.49   80.6   3.2     4  78.6   3.1    4     3.1        0.1    84 1e+05    1.1   1.8    165     1.8        2.7   4.9      182 4.9                     0.5     0.0           
  65    390      0  4.50   73.1   0.1     0  70.3   0.1    0     0.1        0.0    19 2e+05    1.2   1.9    157     1.9        1.6   1.9      123 1.9                     0.3     0.0           
  66    396      0  4.49   80.9   0.3     0  78.8   0.3    0     0.3        0.1    27 44013    0.9   1.1    119     1.1        1.4   1.4      100 1.4                                           
  67    402      0  4.50   84.2   0.5     1  81.8   0.4    1     0.4        0.0    36 3e+05    0.8   0.9    118     0.9        1.2   1.3      108 1.3                     2.8     0.0            GIS8
  68    408      0  4.50   81.1   0.5     1  78.5   0.4    1     0.4        0.0    30 2e+06    1.4   2.7    197     2.7        2.1   3.1      144 3.1                     2.5     0.0           
  69    414      0  4.49   80.1   0.5     1  77.7   0.5    1     0.5        0.1    36 48429    1.6   3.1    197     3.1        2.0   2.8      138 2.8                     1.6     0.0           
  70    420      0  4.49   86.5   0.7     1  84.9   0.7    1     0.7        0.0    37 1e+05    0.9   1.8    205     1.8        1.8   2.3      126 2.3                     1.9     0.0           
  71    426      0  4.49   78.1   0.1     0  75.4   0.1    0     0.1        0.0    20 54743    0.9   1.6    182     1.6        1.5   1.0       68 1.0                     2.4     0.0           
  72    432      0  4.50   79.0   7.9    10  77.2   7.7   10     7.7        0.1  4990 8e+06    0.7   1.3    195     1.3        3.4   8.4      249 8.4                     6.0     0.1           
  73    438      0  4.52   79.1   0.1     0  76.5   0.0    0     0.0        0.0    17 1e+05    0.7   0.8    109     0.8        1.0   0.9       84 0.9                                           
  74    444      0  4.52   83.9   0.6     1  82.4   0.5    1     0.5        0.0    33 93292    1.1   1.7    161     1.7        1.7   2.0      119 2.0                                           
  75    450      0  4.52   70.8   0.1     0  68.6   0.1    0     0.1        0.0    18 1e+05    0.8   0.8     92     0.8        1.3   0.8       61 0.8                                           
  76    456      0  4.52   74.7   2.9     4  72.7   2.7    4     2.7        0.0    78 3e+05    0.8   1.0    126     1.0        1.6   3.0      179 3.0                                           
  77    462      0  4.52   88.5   0.5     1  86.1   0.4    0     0.4        0.0    28 3e+05    0.5   0.8    159     0.8        1.5   1.2       80 1.2                     0.1     0.0           
  78    468      0  4.53   88.2   0.1     0  85.1   0.0    0     0.0        0.0    17 95387    1.0   1.2    120     1.2        1.4   1.2       87 1.2                                           
  79    474      0  4.52   87.7   0.8     1  85.8   0.7    1     0.7        0.0    40 2e+05    1.8   3.7    209     3.7        2.3   3.7      159 3.7                                           
  80    480      0  4.52   69.6   0.9     1  67.9   0.9    1     0.9        0.0    45 3e+06    1.4   2.0    144     2.0        1.4   1.6      116 1.6                                           
  81    486      0  4.53   80.4   1.0     1  79.4   0.9    1     0.9        0.0    30 70524    1.5   2.6    180     2.6        2.4   3.2      135 3.2                                           
  82    492      0  4.52   80.4   0.5     1  77.0   0.4    1     0.4        0.0    19 55185    1.0   2.3    233     2.3        1.7   2.1      123 2.1                                           
  83    498      0  4.52   84.1   0.6     1  81.6   0.5    1     0.5        0.0    34 1e+05    1.5   2.0    129     2.0        1.8   1.6       92 1.6                                           
  84    504      0  4.52   69.8   0.6     1  68.3   0.5    1     0.5        0.1    28 51143    1.2   2.3    186     2.3        2.0   2.6      126 2.6                                            GIS9
  85    510      0  4.52   81.6   1.8     2  80.6   1.7    2     1.7        0.0    34 83529    1.7   3.5    208     3.5        2.4   4.4      184 4.4                     0.0     0.0           
  86    516      0  4.52   63.4   1.0     2  59.3   0.8    1     0.8        0.0    37 1e+05    2.0   3.7    188     3.7        2.3   4.5      195 4.5                     0.3     0.0           
  87    522      0  4.53   82.9   0.6     1  80.2   0.5    1     0.5        0.0    32 2e+05    1.5   2.5    164     2.5        1.9   2.7      139 2.7                     0.4     0.0           
  88    528      0  4.53   66.7   1.6     2  64.0   1.5    2     1.5        0.0    41 2e+05    1.6   3.1    197     3.1        2.7   4.6      171 4.6                     0.2     0.0           
  89    534      0  4.53   77.8   1.1     1  75.8   1.0    1     1.0        0.0    36 2e+05    1.1   2.3    216     2.3        1.8   3.0      166 3.0                                           
  90    540      0  4.53   73.3   0.6     1  71.3   0.5    1     0.5        0.0    42 1e+05    2.9   6.9    238     6.9        3.8   4.9      129 4.9                     0.6     0.0           
  91    546      0  4.52   77.3   0.2     0  74.5   0.1    0     0.1        0.0    29 63292    1.8   2.2    126     2.2        1.7   1.8      108 1.8                     2.4     0.0           
  92    552      0  4.51   67.8   1.3     2  64.7   1.2    2     1.2        0.1    25 42220    1.9   3.3    171     3.3        2.7   4.3      161 4.3                     0.8     0.0           
  93    558      0  4.51   71.9   0.2     0  68.1   0.1    0     0.1        0.0    39 5e+05    1.7   3.5    210     3.5        2.4   3.1      132 3.1                     1.6     0.0           
  94    564      0  4.51   28.4   3.8    13  27.8   3.8   14     3.8        0.1   inf   inf    0.4   0.5    133     0.5        2.2   4.2      190 4.2                     6.0     0.1           
  95    570      0  4.51   64.6   0.8     1  62.9   0.8    1     0.8        0.1    19 32001    0.8   1.4    187     1.4        1.4   1.9      129 1.9                     0.8     0.0           
  96    576      0  4.52   72.3   2.6     4  69.2   2.4    4     2.4        0.0    43 2e+05    1.9   3.7    194     3.7        2.3   4.8      207 4.8                     3.0     0.0           
  97    582      0  4.52   76.6   0.9     1  74.3   0.8    1     0.8        0.1    31 52504    1.2   2.5    199     2.5        2.1   2.7      129 2.7                                           
  98    588      0  4.53   79.4   0.6     1  77.0   0.5    1     0.5        0.1    44 30802    2.6   3.6    139     3.6        2.5   3.2      128 3.2                     0.1     0.0           
  99    594      0  4.53   73.2   0.6     1  70.5   0.5    1     0.5        0.0    50 4e+05    2.1   4.1    194     4.1        2.5   3.2      126 3.2                     0.6     0.0           
 100    600      0  4.53   71.8   0.5     1  69.2   0.5    1     0.5        0.1    41 46329    1.8   2.7    151     2.7        1.6   2.4      151 2.4                     0.9     0.0            GIS10
 101    606      0  4.53   82.2   0.8     1  80.4   0.7    1     0.7        0.0    33 91643    1.4   2.7    193     2.7        2.3   3.1      134 3.1                     1.3     0.0           
 102    612      0  4.52   69.0   0.5     1  66.9   0.4    1     0.4        0.0    32 71254    1.8   3.4    190     3.4        2.1   3.3      158 3.3                     0.5     0.0           
 103    618      0  4.52   18.5   0.1     1  17.2   0.1    1     0.1        0.1    25 20977    2.3   3.5    154     3.5        2.6   3.3      127 3.3                     0.6     0.0           
 104    624      0  4.51   61.8   0.5     1  59.9   0.4    1     0.4        0.2    35 14760    2.4   4.5    186     4.5        2.9   4.5      156 4.5                     0.8     0.0           
 105    630      0  4.52   49.6   0.6     1  47.3   0.5    1     0.5        0.0    24 68994    1.1   1.5    138     1.5        1.5   2.0      135 2.0                     1.6     0.0           
 106    636      0  4.52   63.0   0.5     1  60.7   0.4    1     0.4        0.0    29 58905    1.4   2.5    173     2.5        2.3   2.9      126 2.9                     0.0     0.0           
 107    642      0  4.52   52.3   0.3     1  49.2   0.3    1     0.3        0.0    29 61784    1.0   2.0    195     2.0        2.0   2.4      119 2.4                     1.1     0.0           
 108    648      0  4.53   52.6   0.8     2  50.6   0.8    2     0.8        0.1    36 62603    1.5   2.1    135     2.1        1.6   2.6      166 2.6                     1.3     0.0           
 109    654      0  4.52   49.8   0.5     1  47.8   0.4    1     0.4        0.1    31 24656    1.8   3.4    194     3.4        2.2   3.5      154 3.5                     1.4     0.0           
 110    660      0  4.52   62.9   0.5     1  61.4   0.4    1     0.4        0.1    34 54523    1.5   2.4    165     2.4        2.1   2.4      116 2.4                     3.0     0.0           
 111    666      0  4.52   75.3   0.6     1  73.4   0.5    1     0.5        0.3    34 11673    2.1   3.2    153     3.2        2.2   3.6      164 3.6                     0.6     0.0           
 112    672      0  4.51   70.8   0.5     1  68.9   0.4    1     0.4        0.0    35          2.1   3.0    145     3.0        2.3   3.3      139 3.3                     0.1     0.0           
 113    678      0  4.51   77.4   0.6     1  75.6   0.5    1     0.5        0.0    22          1.4   2.9    200     2.9        1.8   3.4      189 3.4                     0.3     0.0           
 114    684      0  4.51   60.6   0.5     1  58.7   0.4    1     0.4        0.0    31 85051    1.5   2.8    183     2.8        1.9   3.3      171 3.3                     0.6     0.0           
 115    690      0  4.52   64.4   0.5     1  62.6   0.5    1     0.5        0.0    44 2e+05    1.5   3.8    253     3.8        2.1   4.3      204 4.3                                           
 116    696      0  4.53   73.4   1.0     1  68.8   0.9    1     0.9        0.1    46 82992    2.2   6.1    270     6.1        2.9   6.4      220 6.4                     0.4     0.0           
 117    702      0  4.51   56.6   0.4     1  53.7   0.4    1     0.4        0.0    30 1e+05    1.6   3.1    198     3.1        2.4   3.1      129 3.1                     2.6     0.0           
 118    708      0  4.50   70.4   0.4     1  67.6   0.4    1     0.4        0.0    28 67319    1.8   4.0    227     4.0        2.5   4.2      169 4.2                     2.3     0.0           
 119    714      0  4.50   49.0   1.2     2  46.9   1.1    2     1.1        0.0    20 2e+05    1.2   2.0    171     2.0        1.9   2.9      157 2.9                     0.1     0.0           
 GIS11
<-----ELAPSED----><-SEA-><----POTENTIAL---><----------ACTUAL-----------><----POTENTIAL----><------------ACTUAL------------><-----------ACTUAL-----------><-SEDIMENT-><--CLIFF COLLAPSE--><SUSP>
       TIME        DEPTH  PLATFORM EROSION        PLATFORM EROSION          BEACH EROSION            BEACH EROSION                BEACH DEPOSITION        INPUT EVENT  EROSION DEPOSITION  SED
Time  Hours  Years   Avg  % Sea   All  Erod % Sea   All Erod <-sea avg->  % Sea   All  Erod  % Sea   All Erodng <-sea avg->  % Sea   All  Deposit <-sea->            <-coast avg><--sea->
Step                       Area   Sea  Area  Area   Sea Area   F   S   C   Area   Sea  Area   Area   Sea   Area   F   S   C   Area   Sea     Area   S   C   F   S   C   F   S   C   S   C    F
                                  Avg   Avg         Avg  Avg                            Avg          Avg    Avg                      Avg      Avg


END OF SIMULATION: HYDROLOGY ==================================================================================================================================================================
Minimum still water level = 26.00
Maximum still water level = 26.00

END OF SIMULATION: SEDIMENT MOVEMENT ==========================================================================================================================================================

PLATFORM EROSION
Total potential platform erosion = 7365.26 m^3

Total actual platform erosion = 7064.96 m^3
Total fine actual platform erosion = 0.00 m^3
Total sand actual platform erosion = 7064.96 m^3
Total coarse actual platform erosion = 0.00 m^3

CLIFF COLLAPSE
Total cliff collapse = 63.23 m^3
Total fine cliff collapse = 0.00 m^3
Total sand cliff collapse = 63.23 m^3
Total coarse cliff collapse = 0.00 m^3

DEPOSITION OF CLIFF COLLAPSE TALUS
Total cliff collapse talus deposition = 63.23 m^3
Total sand cliff collapse talus deposition = 63.23 m^3
Total coarse cliff collapse talus deposition = 0.00 m^3

EROSION OF CLIFF COLLAPSE TALUS
Total erosion of cliff collapse talus = 38288.61 m^3
Total fine erosion of cliff collapse talus = 0.00 m^3
Total sand erosion of cliff collapse talus = 38288.61 m^3
Total coarse erosion of cliff collapse talus = 0.00 m^3

BEACH EROSION
Total potential beach erosion = inf m^3

Total actual beach erosion = 13009.37 m^3
Total actual fine beach erosion = 0.00 m^3
Total actual sand beach erosion = 13009.37 m^3
Total actual coarse beach erosion = 0.00 m^3

BEACH DEPOSITION
Total beach deposition = 17645.40 m^3
Total sand beach deposition = 17645.40 m^3
Total coarse beach deposition = 0.00 m^3

SEDIMENT INPUT EVENTS
Total fine sediment for sediment input events = 0.00 m^3
Total sand sediment for sediment input events = 0.00 m^3
Total coarse sediment for sediment input events = 0.00 m^3

SUSPENDED SEDIMENT
Suspended fine sediment = 0.00 m^3

LOST FROM GRID
Total potential sediment lost from grid due to beach erosion = 0.00 m^3

Total actual fine sediment lost from grid due to beach erosion = 0.00 m^3
Total actual sand sediment lost from grid due to beach erosion = 768.73 m^3
Total actual coarse sediment lost from grid due to beach erosion = 0.00 m^3

Total sand sediment lost from grid due to cliff collapse = 0.00 m^3
Total coarse sediment lost from grid due to cliff collapse = 0.00 m^3

ALL-PROCESS TOTALS
Total sediment eroded (all processes) = 58426.16 m^3
Total sediment deposited and in suspension (all processes) = 17708.64 m^3
Total sediment lost from grid (all processes) = 768.73 m^3
                                              = 1.07 m^3/hour
                                              = 0.0003 m^3/sec

NOTE grid edge option is OPEN, therefore values above are for all sediment size classes
Eroded + lost = 59194.89 m^3
Deposited + suspension = 17708.64 m^3


END OF SIMULATION: PERFORMANCE ================================================================================================================================================================
Run ended at 20:58:27 on Monday 02 January 2023
Time simulated: 0y 030d 00h

CPU time elapsed: 0:01:03.04 (0.5254 per timestep)
In terms of CPU time, this is 41110 x faster than reality
Run time elapsed: 0:01:01 (0.5083 per timestep)
In terms of run time, this is 42491.803 x faster than reality

Process statistics
------------------
Time spent executing user code               	: 0:00:56.00
Time spent executing kernel code             	: 0:00:06.00
No. of page faults not requiring physical I/O	: 137882
No. of page faults requiring physical I/O    	: 477
No. of voluntary context switches            	: 47986
No. of involuntary context switches          	: 639

END OF RUN
